UniPlugin-Hello-AS/app/build/outputs/logs/manifest-merger-debug-report.txt
-- Merging decision tree log ---
manifest
ADDED from src\main\AndroidManifest.xml:2:1-87:12
INJECTED from src\main\AndroidManifest.xml:2:1-87:12
INJECTED from src\main\AndroidManifest.xml:2:1-87:12
INJECTED from src\main\AndroidManifest.xml:2:1-87:12
MERGED from [android-gif-drawable-release@1.2.17.aar] AndroidManifest.xml:2:1-10:12
MERGED from [lib.5plus.base-release.aar] AndroidManifest.xml:2:1-289:12
MERGED from [miit_mdid_1.0.10.aar] AndroidManifest.xml:1:1-10:12
MERGED from [uniapp-release.aar] AndroidManifest.xml:20:1-37:12
MERGED from [com.android.support:multidex:1.0.2] AndroidManifest.xml:17:1-22:12
MERGED from [com.android.support:support-v4:27.1.0] AndroidManifest.xml:17:1-22:12
MERGED from [com.android.support:appcompat-v7:27.1.0] AndroidManifest.xml:17:1-22:12
MERGED from [com.android.support:recyclerview-v7:27.1.0] AndroidManifest.xml:17:1-22:12
MERGED from [:uniplugin_component] AndroidManifest.xml:2:1-11:12
MERGED from [:uniplugin_module] AndroidManifest.xml:2:1-17:12
MERGED from [:hikvideo] AndroidManifest.xml:2:1-22:12
MERGED from [com.facebook.fresco:fresco:1.13.0] AndroidManifest.xml:2:1-9:12
MERGED from [com.facebook.fresco:animated-gif:1.13.0] AndroidManifest.xml:2:1-9:12
MERGED from [com.github.bumptech.glide:glide:4.9.0] AndroidManifest.xml:2:1-12:12
MERGED from [:uniplugin_richalert] AndroidManifest.xml:2:1-11:12
MERGED from [com.android.support:support-media-compat:27.1.0] AndroidManifest.xml:17:1-22:12
MERGED from [com.android.support:support-fragment:27.1.1] AndroidManifest.xml:17:1-22:12
MERGED from [com.android.support:animated-vector-drawable:27.1.1] AndroidManifest.xml:17:1-22:12
MERGED from [com.android.support:support-core-ui:27.1.1] AndroidManifest.xml:17:1-22:12
MERGED from [com.android.support:support-core-utils:27.1.1] AndroidManifest.xml:17:1-22:12
MERGED from [com.android.support:support-vector-drawable:27.1.1] AndroidManifest.xml:17:1-22:12
MERGED from [com.android.support:support-compat:27.1.1] AndroidManifest.xml:17:1-22:12
MERGED from [com.github.bumptech.glide:gifdecoder:4.9.0] AndroidManifest.xml:2:1-11:12
MERGED from [com.facebook.fresco:animated-base:1.13.0] AndroidManifest.xml:2:1-9:12
MERGED from [com.facebook.fresco:animated-drawable:1.13.0] AndroidManifest.xml:2:1-9:12
MERGED from [com.facebook.fresco:drawee:1.13.0] AndroidManifest.xml:2:1-9:12
MERGED from [com.facebook.fresco:nativeimagefilters:1.13.0] AndroidManifest.xml:2:1-9:12
MERGED from [com.facebook.fresco:imagepipeline:1.13.0] AndroidManifest.xml:2:1-9:12
MERGED from [com.facebook.fresco:nativeimagetranscoder:1.13.0] AndroidManifest.xml:2:1-9:12
MERGED from [com.facebook.fresco:imagepipeline-base:1.13.0] AndroidManifest.xml:2:1-9:12
MERGED from [com.facebook.fresco:fbcore:1.13.0] AndroidManifest.xml:2:1-9:12
MERGED from [com.facebook.soloader:soloader:0.6.0] AndroidManifest.xml:2:1-13:12
MERGED from [android.arch.lifecycle:runtime:1.1.0] AndroidManifest.xml:17:1-22:12
MERGED from [android.arch.lifecycle:livedata-core:1.1.0] AndroidManifest.xml:17:1-22:12
MERGED from [android.arch.core:runtime:1.1.0] AndroidManifest.xml:17:1-22:12
MERGED from [android.arch.lifecycle:viewmodel:1.1.0] AndroidManifest.xml:17:1-22:12
INJECTED from src\main\AndroidManifest.xml:2:1-87:12
INJECTED from src\main\AndroidManifest.xml:2:1-87:12
INJECTED from src\main\AndroidManifest.xml:2:1-87:12
	package
		ADDED from src\main\AndroidManifest.xml:3:5-37
		INJECTED from src\main\AndroidManifest.xml
		INJECTED from src\main\AndroidManifest.xml
	android:versionName
		INJECTED from src\main\AndroidManifest.xml
		ADDED from src\main\AndroidManifest.xml:2:1-87:12
		INJECTED from src\main\AndroidManifest.xml
	android:versionCode
		INJECTED from src\main\AndroidManifest.xml
		ADDED from src\main\AndroidManifest.xml:2:1-87:12
		INJECTED from src\main\AndroidManifest.xml
	xmlns:android
		ADDED from src\main\AndroidManifest.xml:2:11-69
supports-screens
ADDED from src\main\AndroidManifest.xml:5:5-10:39
MERGED from [lib.5plus.base-release.aar] AndroidManifest.xml:9:5-14:39
MERGED from [lib.5plus.base-release.aar] AndroidManifest.xml:9:5-14:39
	android:largeScreens
		ADDED from src\main\AndroidManifest.xml:7:9-36
	android:smallScreens
		ADDED from src\main\AndroidManifest.xml:10:9-36
	android:normalScreens
		ADDED from src\main\AndroidManifest.xml:8:9-37
	android:resizeable
		ADDED from src\main\AndroidManifest.xml:9:9-34
	android:anyDensity
		ADDED from src\main\AndroidManifest.xml:6:9-34
uses-permission#android.permission.CAMERA
ADDED from src\main\AndroidManifest.xml:13:5-65
	android:name
		ADDED from src\main\AndroidManifest.xml:13:22-62
uses-permission#android.permission.WRITE_EXTERNAL_STORAGE
ADDED from src\main\AndroidManifest.xml:14:5-81
MERGED from [lib.5plus.base-release.aar] AndroidManifest.xml:16:5-81
MERGED from [lib.5plus.base-release.aar] AndroidManifest.xml:16:5-81
	android:name
		ADDED from src\main\AndroidManifest.xml:14:22-78
uses-feature#android.hardware.camera
ADDED from src\main\AndroidManifest.xml:16:5-60
	android:name
		ADDED from src\main\AndroidManifest.xml:16:19-57
uses-feature#android.hardware.camera.autofocus
ADDED from src\main\AndroidManifest.xml:17:5-70
	android:name
		ADDED from src\main\AndroidManifest.xml:17:19-67
uses-permission#android.permission.VIBRATE
ADDED from src\main\AndroidManifest.xml:19:5-66
	android:name
		ADDED from src\main\AndroidManifest.xml:19:22-63
uses-permission#android.permission.FLASHLIGHT
ADDED from src\main\AndroidManifest.xml:20:5-69
	android:name
		ADDED from src\main\AndroidManifest.xml:20:22-66
application
ADDED from src\main\AndroidManifest.xml:23:5-85:19
MERGED from [lib.5plus.base-release.aar] AndroidManifest.xml:156:5-287:19
MERGED from [lib.5plus.base-release.aar] AndroidManifest.xml:156:5-287:19
MERGED from [uniapp-release.aar] AndroidManifest.xml:29:5-35:19
MERGED from [uniapp-release.aar] AndroidManifest.xml:29:5-35:19
MERGED from [:uniplugin_module] AndroidManifest.xml:11:5-15:19
MERGED from [:uniplugin_module] AndroidManifest.xml:11:5-15:19
MERGED from [:hikvideo] AndroidManifest.xml:13:5-20:19
MERGED from [:hikvideo] AndroidManifest.xml:13:5-20:19
MERGED from [com.github.bumptech.glide:glide:4.9.0] AndroidManifest.xml:10:5-20
MERGED from [com.github.bumptech.glide:glide:4.9.0] AndroidManifest.xml:10:5-20
MERGED from [com.github.bumptech.glide:gifdecoder:4.9.0] AndroidManifest.xml:9:5-20
MERGED from [com.github.bumptech.glide:gifdecoder:4.9.0] AndroidManifest.xml:9:5-20
MERGED from [com.facebook.soloader:soloader:0.6.0] AndroidManifest.xml:11:5-20
MERGED from [com.facebook.soloader:soloader:0.6.0] AndroidManifest.xml:11:5-20
	android:supportsRtl
		ADDED from src\main\AndroidManifest.xml:31:9-35
	android:label
		ADDED from src\main\AndroidManifest.xml:28:9-41
	android:allowClearUserData
		ADDED from src\main\AndroidManifest.xml:26:9-42
	android:debuggable
		ADDED from src\main\AndroidManifest.xml:30:9-34
	android:largeHeap
		ADDED from src\main\AndroidManifest.xml:29:9-33
	android:icon
		ADDED from src\main\AndroidManifest.xml:27:9-38
	android:allowBackup
		ADDED from src\main\AndroidManifest.xml:25:9-35
	android:usesCleartextTraffic
		ADDED from [lib.5plus.base-release.aar] AndroidManifest.xml:159:9-44
	android:name
		ADDED from src\main\AndroidManifest.xml:24:9-63
activity#io.dcloud.PandoraEntry
ADDED from src\main\AndroidManifest.xml:34:9-56:20
	android:hardwareAccelerated
		ADDED from src\main\AndroidManifest.xml:38:13-47
	android:windowSoftInputMode
		ADDED from src\main\AndroidManifest.xml:39:13-55
	android:configChanges
		ADDED from src\main\AndroidManifest.xml:37:13-92
	android:theme
		ADDED from src\main\AndroidManifest.xml:36:13-52
	android:name
		ADDED from src\main\AndroidManifest.xml:35:13-50
intent-filter#action:name:android.intent.action.VIEW+category:name:android.intent.category.BROWSABLE+category:name:android.intent.category.DEFAULT+data:scheme:hbuilder
ADDED from src\main\AndroidManifest.xml:40:13-46:29
data
ADDED from src\main\AndroidManifest.xml:41:17-50
	android:scheme
		ADDED from src\main\AndroidManifest.xml:41:23-48
	android:mimeType
		ADDED from src\main\AndroidManifest.xml:48:23-49
action#android.intent.action.VIEW
ADDED from src\main\AndroidManifest.xml:42:17-68
	android:name
		ADDED from src\main\AndroidManifest.xml:42:25-66
category#android.intent.category.DEFAULT
ADDED from src\main\AndroidManifest.xml:44:17-75
	android:name
		ADDED from src\main\AndroidManifest.xml:44:27-73
category#android.intent.category.BROWSABLE
ADDED from src\main\AndroidManifest.xml:45:17-77
	android:name
		ADDED from src\main\AndroidManifest.xml:45:27-75
intent-filter#action:name:android.intent.action.SEND+category:name:android.intent.category.DEFAULT+data:mimeType:image/*
ADDED from src\main\AndroidManifest.xml:47:13-51:29
action#android.intent.action.SEND
ADDED from src\main\AndroidManifest.xml:49:17-68
	android:name
		ADDED from src\main\AndroidManifest.xml:49:25-66
intent-filter#action:name:android.intent.action.MAIN+category:name:android.intent.category.LAUNCHER
ADDED from src\main\AndroidManifest.xml:52:13-55:29
action#android.intent.action.MAIN
ADDED from src\main\AndroidManifest.xml:53:17-68
	android:name
		ADDED from src\main\AndroidManifest.xml:53:25-66
category#android.intent.category.LAUNCHER
ADDED from src\main\AndroidManifest.xml:54:17-76
	android:name
		ADDED from src\main\AndroidManifest.xml:54:27-74
meta-data#dcloud_uninview_background
ADDED from src\main\AndroidManifest.xml:57:9-58:35
	android:value
		ADDED from src\main\AndroidManifest.xml:58:13-33
	android:name
		ADDED from src\main\AndroidManifest.xml:57:20-61
activity#io.dcloud.PandoraEntryActivity
ADDED from src\main\AndroidManifest.xml:60:9-84:20
	android:screenOrientation
		ADDED from src\main\AndroidManifest.xml:66:13-45
	android:launchMode
		ADDED from src\main\AndroidManifest.xml:62:13-44
	android:hardwareAccelerated
		ADDED from src\main\AndroidManifest.xml:64:13-47
	android:windowSoftInputMode
		ADDED from src\main\AndroidManifest.xml:68:13-55
	android:permission
		ADDED from src\main\AndroidManifest.xml:65:13-89
	android:configChanges
		ADDED from src\main\AndroidManifest.xml:63:13-101
	android:theme
		ADDED from src\main\AndroidManifest.xml:67:13-47
	android:name
		ADDED from src\main\AndroidManifest.xml:61:13-58
intent-filter#action:name:android.intent.action.VIEW+category:name:android.intent.category.BROWSABLE+category:name:android.intent.category.DEFAULT+data:scheme:h56131bcf
ADDED from src\main\AndroidManifest.xml:70:13-83:29
uses-sdk
INJECTED from src\main\AndroidManifest.xml reason: use-sdk injection requested
INJECTED from src\main\AndroidManifest.xml
INJECTED from src\main\AndroidManifest.xml
MERGED from [android-gif-drawable-release@1.2.17.aar] AndroidManifest.xml:6:5-8:41
MERGED from [android-gif-drawable-release@1.2.17.aar] AndroidManifest.xml:6:5-8:41
MERGED from [lib.5plus.base-release.aar] AndroidManifest.xml:7:5-44
MERGED from [lib.5plus.base-release.aar] AndroidManifest.xml:7:5-44
MERGED from [uniapp-release.aar] AndroidManifest.xml:25:5-27:41
MERGED from [uniapp-release.aar] AndroidManifest.xml:25:5-27:41
MERGED from [com.android.support:multidex:1.0.2] AndroidManifest.xml:20:5-43
MERGED from [com.android.support:multidex:1.0.2] AndroidManifest.xml:20:5-43
MERGED from [com.android.support:support-v4:27.1.0] AndroidManifest.xml:20:5-44
MERGED from [com.android.support:support-v4:27.1.0] AndroidManifest.xml:20:5-44
MERGED from [com.android.support:appcompat-v7:27.1.0] AndroidManifest.xml:20:5-44
MERGED from [com.android.support:appcompat-v7:27.1.0] AndroidManifest.xml:20:5-44
MERGED from [com.android.support:recyclerview-v7:27.1.0] AndroidManifest.xml:20:5-44
MERGED from [com.android.support:recyclerview-v7:27.1.0] AndroidManifest.xml:20:5-44
MERGED from [:uniplugin_component] AndroidManifest.xml:7:5-9:41
MERGED from [:uniplugin_component] AndroidManifest.xml:7:5-9:41
MERGED from [:uniplugin_module] AndroidManifest.xml:7:5-9:41
MERGED from [:uniplugin_module] AndroidManifest.xml:7:5-9:41
MERGED from [:hikvideo] AndroidManifest.xml:7:5-9:41
MERGED from [:hikvideo] AndroidManifest.xml:7:5-9:41
MERGED from [com.facebook.fresco:fresco:1.13.0] AndroidManifest.xml:5:5-7:41
MERGED from [com.facebook.fresco:fresco:1.13.0] AndroidManifest.xml:5:5-7:41
MERGED from [com.facebook.fresco:animated-gif:1.13.0] AndroidManifest.xml:5:5-7:41
MERGED from [com.facebook.fresco:animated-gif:1.13.0] AndroidManifest.xml:5:5-7:41
MERGED from [com.github.bumptech.glide:glide:4.9.0] AndroidManifest.xml:6:5-8:41
MERGED from [com.github.bumptech.glide:glide:4.9.0] AndroidManifest.xml:6:5-8:41
MERGED from [:uniplugin_richalert] AndroidManifest.xml:7:5-9:41
MERGED from [:uniplugin_richalert] AndroidManifest.xml:7:5-9:41
MERGED from [com.android.support:support-media-compat:27.1.0] AndroidManifest.xml:20:5-44
MERGED from [com.android.support:support-media-compat:27.1.0] AndroidManifest.xml:20:5-44
MERGED from [com.android.support:support-fragment:27.1.1] AndroidManifest.xml:20:5-44
MERGED from [com.android.support:support-fragment:27.1.1] AndroidManifest.xml:20:5-44
MERGED from [com.android.support:animated-vector-drawable:27.1.1] AndroidManifest.xml:20:5-44
MERGED from [com.android.support:animated-vector-drawable:27.1.1] AndroidManifest.xml:20:5-44
MERGED from [com.android.support:support-core-ui:27.1.1] AndroidManifest.xml:20:5-44
MERGED from [com.android.support:support-core-ui:27.1.1] AndroidManifest.xml:20:5-44
MERGED from [com.android.support:support-core-utils:27.1.1] AndroidManifest.xml:20:5-44
MERGED from [com.android.support:support-core-utils:27.1.1] AndroidManifest.xml:20:5-44
MERGED from [com.android.support:support-vector-drawable:27.1.1] AndroidManifest.xml:20:5-44
MERGED from [com.android.support:support-vector-drawable:27.1.1] AndroidManifest.xml:20:5-44
MERGED from [com.android.support:support-compat:27.1.1] AndroidManifest.xml:20:5-44
MERGED from [com.android.support:support-compat:27.1.1] AndroidManifest.xml:20:5-44
MERGED from [com.github.bumptech.glide:gifdecoder:4.9.0] AndroidManifest.xml:5:5-7:41
MERGED from [com.github.bumptech.glide:gifdecoder:4.9.0] AndroidManifest.xml:5:5-7:41
MERGED from [com.facebook.fresco:animated-base:1.13.0] AndroidManifest.xml:5:5-7:41
MERGED from [com.facebook.fresco:animated-base:1.13.0] AndroidManifest.xml:5:5-7:41
MERGED from [com.facebook.fresco:animated-drawable:1.13.0] AndroidManifest.xml:5:5-7:41
MERGED from [com.facebook.fresco:animated-drawable:1.13.0] AndroidManifest.xml:5:5-7:41
MERGED from [com.facebook.fresco:drawee:1.13.0] AndroidManifest.xml:5:5-7:41
MERGED from [com.facebook.fresco:drawee:1.13.0] AndroidManifest.xml:5:5-7:41
MERGED from [com.facebook.fresco:nativeimagefilters:1.13.0] AndroidManifest.xml:5:5-7:41
MERGED from [com.facebook.fresco:nativeimagefilters:1.13.0] AndroidManifest.xml:5:5-7:41
MERGED from [com.facebook.fresco:imagepipeline:1.13.0] AndroidManifest.xml:5:5-7:41
MERGED from [com.facebook.fresco:imagepipeline:1.13.0] AndroidManifest.xml:5:5-7:41
MERGED from [com.facebook.fresco:nativeimagetranscoder:1.13.0] AndroidManifest.xml:5:5-7:41
MERGED from [com.facebook.fresco:nativeimagetranscoder:1.13.0] AndroidManifest.xml:5:5-7:41
MERGED from [com.facebook.fresco:imagepipeline-base:1.13.0] AndroidManifest.xml:5:5-7:41
MERGED from [com.facebook.fresco:imagepipeline-base:1.13.0] AndroidManifest.xml:5:5-7:41
MERGED from [com.facebook.fresco:fbcore:1.13.0] AndroidManifest.xml:5:5-7:41
MERGED from [com.facebook.fresco:fbcore:1.13.0] AndroidManifest.xml:5:5-7:41
MERGED from [com.facebook.soloader:soloader:0.6.0] AndroidManifest.xml:7:5-9:41
MERGED from [com.facebook.soloader:soloader:0.6.0] AndroidManifest.xml:7:5-9:41
MERGED from [android.arch.lifecycle:runtime:1.1.0] AndroidManifest.xml:20:5-44
MERGED from [android.arch.lifecycle:runtime:1.1.0] AndroidManifest.xml:20:5-44
MERGED from [android.arch.lifecycle:livedata-core:1.1.0] AndroidManifest.xml:20:5-44
MERGED from [android.arch.lifecycle:livedata-core:1.1.0] AndroidManifest.xml:20:5-44
MERGED from [android.arch.core:runtime:1.1.0] AndroidManifest.xml:20:5-44
MERGED from [android.arch.core:runtime:1.1.0] AndroidManifest.xml:20:5-44
MERGED from [android.arch.lifecycle:viewmodel:1.1.0] AndroidManifest.xml:20:5-44
MERGED from [android.arch.lifecycle:viewmodel:1.1.0] AndroidManifest.xml:20:5-44
INJECTED from src\main\AndroidManifest.xml
INJECTED from src\main\AndroidManifest.xml
	android:targetSdkVersion
		INJECTED from src\main\AndroidManifest.xml
		ADDED from src\main\AndroidManifest.xml
		INJECTED from src\main\AndroidManifest.xml
	android:minSdkVersion
		INJECTED from src\main\AndroidManifest.xml
		ADDED from src\main\AndroidManifest.xml
		INJECTED from src\main\AndroidManifest.xml
uses-permission#android.permission.INTERNET
ADDED from [lib.5plus.base-release.aar] AndroidManifest.xml:17:5-67
MERGED from [miit_mdid_1.0.10.aar] AndroidManifest.xml:6:5-67
MERGED from [miit_mdid_1.0.10.aar] AndroidManifest.xml:6:5-67
	android:name
		ADDED from [lib.5plus.base-release.aar] AndroidManifest.xml:17:22-64
uses-permission#android.permission.ACCESS_NETWORK_STATE
ADDED from [lib.5plus.base-release.aar] AndroidManifest.xml:18:5-79
MERGED from [miit_mdid_1.0.10.aar] AndroidManifest.xml:4:5-79
MERGED from [miit_mdid_1.0.10.aar] AndroidManifest.xml:4:5-79
	android:name
		ADDED from [lib.5plus.base-release.aar] AndroidManifest.xml:18:22-76
uses-permission#com.huawei.android.launcher.permission.CHANGE_BADGE
ADDED from [lib.5plus.base-release.aar] AndroidManifest.xml:24:5-91
	android:name
		ADDED from [lib.5plus.base-release.aar] AndroidManifest.xml:24:22-88
service#io.dcloud.common.adapter.io.MiniServerService
ADDED from [lib.5plus.base-release.aar] AndroidManifest.xml:160:9-162:40
	android:exported
		ADDED from [lib.5plus.base-release.aar] AndroidManifest.xml:162:13-37
	android:name
		ADDED from [lib.5plus.base-release.aar] AndroidManifest.xml:161:13-73
receiver#io.dcloud.common.adapter.io.PushReceiver
ADDED from [lib.5plus.base-release.aar] AndroidManifest.xml:164:9-168:20
	android:name
		ADDED from [lib.5plus.base-release.aar] AndroidManifest.xml:164:19-74
intent-filter#action:name:dcloud.push.broswer
ADDED from [lib.5plus.base-release.aar] AndroidManifest.xml:165:13-167:29
action#dcloud.push.broswer
ADDED from [lib.5plus.base-release.aar] AndroidManifest.xml:166:17-62
	android:name
		ADDED from [lib.5plus.base-release.aar] AndroidManifest.xml:166:25-59
activity#io.dcloud.imagepick.CustomGalleryActivity
ADDED from [lib.5plus.base-release.aar] AndroidManifest.xml:170:9-173:40
	android:noHistory
		ADDED from [lib.5plus.base-release.aar] AndroidManifest.xml:173:13-37
	android:exported
		ADDED from [lib.5plus.base-release.aar] AndroidManifest.xml:172:13-37
	android:name
		ADDED from [lib.5plus.base-release.aar] AndroidManifest.xml:171:13-69
activity#io.dcloud.feature.nativeObj.photoview.PhotoActivity
ADDED from [lib.5plus.base-release.aar] AndroidManifest.xml:174:9-177:58
	android:noHistory
		ADDED from [lib.5plus.base-release.aar] AndroidManifest.xml:176:13-38
	android:theme
		ADDED from [lib.5plus.base-release.aar] AndroidManifest.xml:177:13-55
	android:name
		ADDED from [lib.5plus.base-release.aar] AndroidManifest.xml:175:13-79
activity#io.dcloud.appstream.StreamAppMainActivity
ADDED from [lib.5plus.base-release.aar] AndroidManifest.xml:178:9-199:20
	android:screenOrientation
		ADDED from [lib.5plus.base-release.aar] AndroidManifest.xml:183:13-49
	android:launchMode
		ADDED from [lib.5plus.base-release.aar] AndroidManifest.xml:182:13-44
	android:windowSoftInputMode
		ADDED from [lib.5plus.base-release.aar] AndroidManifest.xml:186:13-73
	android:exported
		ADDED from [lib.5plus.base-release.aar] AndroidManifest.xml:181:13-36
	android:configChanges
		ADDED from [lib.5plus.base-release.aar] AndroidManifest.xml:180:13-82
	android:theme
		ADDED from [lib.5plus.base-release.aar] AndroidManifest.xml:185:13-70
	android:taskAffinity
		ADDED from [lib.5plus.base-release.aar] AndroidManifest.xml:184:13-41
	android:name
		ADDED from [lib.5plus.base-release.aar] AndroidManifest.xml:179:13-69
intent-filter#action:name:android.intent.action.MAIN
ADDED from [lib.5plus.base-release.aar] AndroidManifest.xml:187:13-189:29
intent-filter#action:name:android.intent.action.VIEW+category:name:android.intent.category.BROWSABLE+category:name:android.intent.category.DEFAULT+data:scheme:streamapp+data:scheme:streamappmain
ADDED from [lib.5plus.base-release.aar] AndroidManifest.xml:190:13-198:29
activity#io.dcloud.WebAppActivity
ADDED from [lib.5plus.base-release.aar] AndroidManifest.xml:200:9-210:58
	android:screenOrientation
		ADDED from [lib.5plus.base-release.aar] AndroidManifest.xml:207:13-49
	android:label
		ADDED from [lib.5plus.base-release.aar] AndroidManifest.xml:205:13-46
	android:launchMode
		ADDED from [lib.5plus.base-release.aar] AndroidManifest.xml:206:13-44
	android:hardwareAccelerated
		ADDED from [lib.5plus.base-release.aar] AndroidManifest.xml:203:13-47
	android:windowSoftInputMode
		ADDED from [lib.5plus.base-release.aar] AndroidManifest.xml:210:13-55
	android:configChanges
		ADDED from [lib.5plus.base-release.aar] AndroidManifest.xml:202:13-92
	android:icon
		ADDED from [lib.5plus.base-release.aar] AndroidManifest.xml:204:13-51
	android:theme
		ADDED from [lib.5plus.base-release.aar] AndroidManifest.xml:209:13-47
	android:taskAffinity
		ADDED from [lib.5plus.base-release.aar] AndroidManifest.xml:208:13-43
	android:name
		ADDED from [lib.5plus.base-release.aar] AndroidManifest.xml:201:13-52
service#io.dcloud.streamdownload.DownloadService
ADDED from [lib.5plus.base-release.aar] AndroidManifest.xml:212:9-216:19
	android:name
		ADDED from [lib.5plus.base-release.aar] AndroidManifest.xml:212:18-73
intent-filter#action:name:com.qihoo.life.plugin.streamapp.ACTION_PUSH_TO_PLUGIN
ADDED from [lib.5plus.base-release.aar] AndroidManifest.xml:213:13-215:29
action#com.qihoo.life.plugin.streamapp.ACTION_PUSH_TO_PLUGIN
ADDED from [lib.5plus.base-release.aar] AndroidManifest.xml:214:17-96
	android:name
		ADDED from [lib.5plus.base-release.aar] AndroidManifest.xml:214:25-93
service#io.dcloud.multiprocess.service.MultiProcessService
ADDED from [lib.5plus.base-release.aar] AndroidManifest.xml:217:9-86
	android:name
		ADDED from [lib.5plus.base-release.aar] AndroidManifest.xml:217:18-83
activity#io.dcloud.multiprocess.activity.WebAppActivity1
ADDED from [lib.5plus.base-release.aar] AndroidManifest.xml:219:9-230:58
	android:screenOrientation
		ADDED from [lib.5plus.base-release.aar] AndroidManifest.xml:227:13-49
	android:process
		ADDED from [lib.5plus.base-release.aar] AndroidManifest.xml:226:13-61
	android:label
		ADDED from [lib.5plus.base-release.aar] AndroidManifest.xml:224:13-46
	android:launchMode
		ADDED from [lib.5plus.base-release.aar] AndroidManifest.xml:225:13-44
	android:hardwareAccelerated
		ADDED from [lib.5plus.base-release.aar] AndroidManifest.xml:222:13-47
	android:windowSoftInputMode
		ADDED from [lib.5plus.base-release.aar] AndroidManifest.xml:230:13-55
	android:configChanges
		ADDED from [lib.5plus.base-release.aar] AndroidManifest.xml:221:13-82
	android:icon
		ADDED from [lib.5plus.base-release.aar] AndroidManifest.xml:223:13-51
	android:theme
		ADDED from [lib.5plus.base-release.aar] AndroidManifest.xml:229:13-47
	android:taskAffinity
		ADDED from [lib.5plus.base-release.aar] AndroidManifest.xml:228:13-44
	android:name
		ADDED from [lib.5plus.base-release.aar] AndroidManifest.xml:220:13-75
activity#io.dcloud.appstream.OpenStreamAppTransferActivity
ADDED from [lib.5plus.base-release.aar] AndroidManifest.xml:231:9-237:20
	android:screenOrientation
		ADDED from [lib.5plus.base-release.aar] AndroidManifest.xml:234:13-49
	android:windowSoftInputMode
		ADDED from [lib.5plus.base-release.aar] AndroidManifest.xml:236:13-73
	android:configChanges
		ADDED from [lib.5plus.base-release.aar] AndroidManifest.xml:233:13-82
	android:theme
		ADDED from [lib.5plus.base-release.aar] AndroidManifest.xml:235:13-70
	android:name
		ADDED from [lib.5plus.base-release.aar] AndroidManifest.xml:232:13-77
meta-data#MultiProcessCount
ADDED from [lib.5plus.base-release.aar] AndroidManifest.xml:239:9-241:33
	android:value
		ADDED from [lib.5plus.base-release.aar] AndroidManifest.xml:241:13-30
	android:name
		ADDED from [lib.5plus.base-release.aar] AndroidManifest.xml:240:13-45
activity#io.dcloud.ProcessMediator
ADDED from [lib.5plus.base-release.aar] AndroidManifest.xml:243:9-249:75
	android:label
		ADDED from [lib.5plus.base-release.aar] AndroidManifest.xml:247:13-45
	android:excludeFromRecents
		ADDED from [lib.5plus.base-release.aar] AndroidManifest.xml:245:13-46
	android:launchMode
		ADDED from [lib.5plus.base-release.aar] AndroidManifest.xml:248:13-43
	android:exported
		ADDED from [lib.5plus.base-release.aar] AndroidManifest.xml:246:13-36
	android:theme
		ADDED from [lib.5plus.base-release.aar] AndroidManifest.xml:249:13-72
	android:name
		ADDED from [lib.5plus.base-release.aar] AndroidManifest.xml:244:13-53
activity#io.dcloud.WebviewActivity
ADDED from [lib.5plus.base-release.aar] AndroidManifest.xml:250:9-255:20
	android:screenOrientation
		ADDED from [lib.5plus.base-release.aar] AndroidManifest.xml:252:13-49
	android:windowSoftInputMode
		ADDED from [lib.5plus.base-release.aar] AndroidManifest.xml:254:13-52
	android:theme
		ADDED from [lib.5plus.base-release.aar] AndroidManifest.xml:253:13-51
	android:name
		ADDED from [lib.5plus.base-release.aar] AndroidManifest.xml:251:13-53
receiver#io.dcloud.common.adapter.io.DownloadReceiver
ADDED from [lib.5plus.base-release.aar] AndroidManifest.xml:257:9-266:20
	android:name
		ADDED from [lib.5plus.base-release.aar] AndroidManifest.xml:257:19-78
intent-filter#action:name:android.intent.action.DOWNLOAD_COMPLETE
ADDED from [lib.5plus.base-release.aar] AndroidManifest.xml:258:13-260:29
action#android.intent.action.DOWNLOAD_COMPLETE
ADDED from [lib.5plus.base-release.aar] AndroidManifest.xml:259:17-82
	android:name
		ADDED from [lib.5plus.base-release.aar] AndroidManifest.xml:259:25-79
intent-filter#action:name:android.intent.action.PACKAGE_ADDED+data:scheme:package
ADDED from [lib.5plus.base-release.aar] AndroidManifest.xml:261:13-265:29
action#android.intent.action.PACKAGE_ADDED
ADDED from [lib.5plus.base-release.aar] AndroidManifest.xml:262:17-78
	android:name
		ADDED from [lib.5plus.base-release.aar] AndroidManifest.xml:262:25-75
meta-data#android.max_aspect
ADDED from [lib.5plus.base-release.aar] AndroidManifest.xml:284:9-286:35
	android:value
		ADDED from [lib.5plus.base-release.aar] AndroidManifest.xml:286:13-32
	android:name
		ADDED from [lib.5plus.base-release.aar] AndroidManifest.xml:285:13-46
uses-permission#android.permission.READ_EXTERNAL_STORAGE
IMPLIED from src\main\AndroidManifest.xml:2:1-87:12 reason: io.dcloud.base requested WRITE_EXTERNAL_STORAGE
uses-permission#android.permission.READ_PHONE_STATE
ADDED from [miit_mdid_1.0.10.aar] AndroidManifest.xml:5:5-75
	android:name
		ADDED from [miit_mdid_1.0.10.aar] AndroidManifest.xml:5:22-72
uses-permission#com.asus.msa.SupplementaryDID.ACCESS
ADDED from [miit_mdid_1.0.10.aar] AndroidManifest.xml:8:5-76
	android:name
		ADDED from [miit_mdid_1.0.10.aar] AndroidManifest.xml:8:22-73
receiver#com.taobao.weex.WXGlobalEventReceiver
ADDED from [uniapp-release.aar] AndroidManifest.xml:30:9-34:20
	android:enabled
		ADDED from [uniapp-release.aar] AndroidManifest.xml:32:13-35
	android:exported
		ADDED from [uniapp-release.aar] AndroidManifest.xml:33:13-37
	android:name
		ADDED from [uniapp-release.aar] AndroidManifest.xml:31:13-65
activity#io.dcloud.uniplugin.NativePageActivity
ADDED from [:uniplugin_module] AndroidManifest.xml:12:9-14:84
	android:theme
		ADDED from [:uniplugin_module] AndroidManifest.xml:14:13-81
	android:name
		ADDED from [:uniplugin_module] AndroidManifest.xml:13:13-66
uses-permission#android.permission.ACCESS_WIFI_STATE
ADDED from [:hikvideo] AndroidManifest.xml:11:5-76
	android:name
		ADDED from [:hikvideo] AndroidManifest.xml:11:22-73
activity#com.ev.hikvideo.activity.LiveActivity
ADDED from [:hikvideo] AndroidManifest.xml:14:9-16:54
	android:theme
		ADDED from [:hikvideo] AndroidManifest.xml:16:13-51
	android:name
		ADDED from [:hikvideo] AndroidManifest.xml:15:13-65
activity#com.ev.hikvideo.activity.PlayBackActivity
ADDED from [:hikvideo] AndroidManifest.xml:17:9-19:54
	android:theme
		ADDED from [:hikvideo] AndroidManifest.xml:19:13-51
	android:name
		ADDED from [:hikvideo] AndroidManifest.xml:18:13-69